<?xml version="1.0" encoding="UTF-8"?>
<!-- Generated by org.testng.reporters.JUnitXMLReporter -->
<testsuite ignored="0" hostname="DESKTOP-6BCGIB4" failures="0" tests="4" name="Test" time="41.213" errors="0" timestamp="2025-02-08T19:23:56 IST">
  <testcase classname="AutomationFramework.tests.SubmitorderTest" name="submitorder" time="13.8"/>
  <testcase classname="AutomationFramework.tests.SubmitorderTest" name="submitorder" time="13.485"/>
  <testcase classname="AutomationFramework.tests.SubmitorderTest" name="Verifyorder" time="0.77"/>
  <testcase classname="AutomationFramework.tests.SubmitorderTest" name="Verifyorder" time="0.748"/>
</testsuite> <!-- Test -->
